<?xml version="1.0" encoding="UTF-8"?>
<testsuite xmlns:xsi="http://www.w3.org/2001/XMLSchema-instance" xsi:noNamespaceSchemaLocation="https://maven.apache.org/surefire/maven-surefire-plugin/xsd/surefire-test-report-3.0.xsd" version="3.0" name="com.endava.calculator.test.CalculatorTest" time="0.333" tests="36" errors="0" skipped="0" failures="0">
  <properties>
[...]
</properties>
  <testcase name="shouldMultiplyNumberGivenTwoNegativeNumbers" classname="com.endava.calculator.test.CalculatorTest" time="0.028">
    <system-out><![CDATA[Before All

Before Each
18:18:06.969 [main] INFO  com.endava.extensions.TestReporterExtension - Starting test CalculatorTest/shouldMultiplyNumberGivenTwoNegativeNumbers
8
18:18:06.969 [main] INFO  com.endava.extensions.TestReporterExtension - Finishing test CalculatorTest/shouldMultiplyNumberGivenTwoNegativeNumbers
After Each

]]></system-out>
  </testcase>
  <testcase name="shouldAddNumberGivenTwoNegativeNumbers" classname="com.endava.calculator.test.CalculatorTest" time="0">
    <system-out><![CDATA[
Before Each
18:18:06.985 [main] INFO  com.endava.extensions.TestReporterExtension - Starting test CalculatorTest/shouldAddNumberGivenTwoNegativeNumbers
-6
18:18:06.985 [main] INFO  com.endava.extensions.TestReporterExtension - Finishing test CalculatorTest/shouldAddNumberGivenTwoNegativeNumbers
After Each

]]></system-out>
  </testcase>
  <testcase name="shouldAddNumberGivenNoNumbers" classname="com.endava.calculator.test.CalculatorTest" time="0">
    <system-out><![CDATA[
Before Each
18:18:06.985 [main] INFO  com.endava.extensions.TestReporterExtension - Starting test CalculatorTest/shouldAddNumberGivenNoNumbers
0
18:18:06.985 [main] INFO  com.endava.extensions.TestReporterExtension - Finishing test CalculatorTest/shouldAddNumberGivenNoNumbers
After Each

]]></system-out>
  </testcase>
  <testcase name="shouldApplyPowerGivenOperand0(double, double)[1]" classname="com.endava.calculator.test.CalculatorTest" time="0.017">
    <system-out><![CDATA[
Before Each
18:18:07.021 [main] INFO  com.endava.extensions.TestReporterExtension - Starting test CalculatorTest/shouldApplyPowerGivenOperand0
0.0
18:18:07.038 [main] INFO  com.endava.extensions.TestReporterExtension - Finishing test CalculatorTest/shouldApplyPowerGivenOperand0
After Each

]]></system-out>
  </testcase>
  <testcase name="shouldApplyPowerGivenOperand0(double, double)[2]" classname="com.endava.calculator.test.CalculatorTest" time="0">
    <system-out><![CDATA[
Before Each
18:18:07.042 [main] INFO  com.endava.extensions.TestReporterExtension - Starting test CalculatorTest/shouldApplyPowerGivenOperand0
1.0
18:18:07.042 [main] INFO  com.endava.extensions.TestReporterExtension - Finishing test CalculatorTest/shouldApplyPowerGivenOperand0
After Each

]]></system-out>
  </testcase>
  <testcase name="shouldApplyPowerGivenOperand1(double, double)[1]" classname="com.endava.calculator.test.CalculatorTest" time="0.004">
    <system-out><![CDATA[
Before Each
18:18:07.046 [main] INFO  com.endava.extensions.TestReporterExtension - Starting test CalculatorTest/shouldApplyPowerGivenOperand1
1.0
18:18:07.050 [main] INFO  com.endava.extensions.TestReporterExtension - Finishing test CalculatorTest/shouldApplyPowerGivenOperand1
After Each

]]></system-out>
  </testcase>
  <testcase name="shouldApplyPowerGivenOperand1(double, double)[2]" classname="com.endava.calculator.test.CalculatorTest" time="0.004">
    <system-out><![CDATA[
Before Each
18:18:07.054 [main] INFO  com.endava.extensions.TestReporterExtension - Starting test CalculatorTest/shouldApplyPowerGivenOperand1
2.0
18:18:07.054 [main] INFO  com.endava.extensions.TestReporterExtension - Finishing test CalculatorTest/shouldApplyPowerGivenOperand1
After Each

]]></system-out>
  </testcase>
  <testcase name="shouldAddNumberGivenOperand0(int, int)[1]" classname="com.endava.calculator.test.CalculatorTest" time="0.004">
    <system-out><![CDATA[
Before Each
18:18:07.058 [main] INFO  com.endava.extensions.TestReporterExtension - Starting test CalculatorTest/shouldAddNumberGivenOperand0
2
18:18:07.058 [main] INFO  com.endava.extensions.TestReporterExtension - Finishing test CalculatorTest/shouldAddNumberGivenOperand0
After Each

]]></system-out>
  </testcase>
  <testcase name="shouldAddNumberGivenOperand0(int, int)[2]" classname="com.endava.calculator.test.CalculatorTest" time="0.004">
    <system-out><![CDATA[
Before Each
18:18:07.058 [main] INFO  com.endava.extensions.TestReporterExtension - Starting test CalculatorTest/shouldAddNumberGivenOperand0
2
18:18:07.062 [main] INFO  com.endava.extensions.TestReporterExtension - Finishing test CalculatorTest/shouldAddNumberGivenOperand0
After Each

]]></system-out>
  </testcase>
  <testcase name="shouldApplyPowerGivenExpNegativeNumber" classname="com.endava.calculator.test.CalculatorTest" time="0.004">
    <system-out><![CDATA[
Before Each
18:18:07.062 [main] INFO  com.endava.extensions.TestReporterExtension - Starting test CalculatorTest/shouldApplyPowerGivenExpNegativeNumber
0.25
18:18:07.066 [main] INFO  com.endava.extensions.TestReporterExtension - Finishing test CalculatorTest/shouldApplyPowerGivenExpNegativeNumber
After Each

]]></system-out>
  </testcase>
  <testcase name="shouldAddNumberGivenTwoLongNumbers" classname="com.endava.calculator.test.CalculatorTest" time="0.004">
    <system-out><![CDATA[
Before Each
18:18:07.066 [main] INFO  com.endava.extensions.TestReporterExtension - Starting test CalculatorTest/shouldAddNumberGivenTwoLongNumbers
2147483648
18:18:07.070 [main] INFO  com.endava.extensions.TestReporterExtension - Finishing test CalculatorTest/shouldAddNumberGivenTwoLongNumbers
After Each

]]></system-out>
  </testcase>
  <testcase name="shouldMultiplyNumberGivenManyNumbers(int, int, int)[1]" classname="com.endava.calculator.test.CalculatorTest" time="0">
    <system-out><![CDATA[
Before Each
18:18:07.098 [main] INFO  com.endava.extensions.TestReporterExtension - Starting test CalculatorTest/shouldMultiplyNumberGivenManyNumbers
6
18:18:07.098 [main] INFO  com.endava.extensions.TestReporterExtension - Finishing test CalculatorTest/shouldMultiplyNumberGivenManyNumbers
After Each

]]></system-out>
  </testcase>
  <testcase name="shouldMultiplyNumberGivenManyNumbers(int, int, int)[2]" classname="com.endava.calculator.test.CalculatorTest" time="0">
    <system-out><![CDATA[
Before Each
18:18:07.098 [main] INFO  com.endava.extensions.TestReporterExtension - Starting test CalculatorTest/shouldMultiplyNumberGivenManyNumbers
40
18:18:07.098 [main] INFO  com.endava.extensions.TestReporterExtension - Finishing test CalculatorTest/shouldMultiplyNumberGivenManyNumbers
After Each

]]></system-out>
  </testcase>
  <testcase name="shouldMultiplyNumberGivenManyNumbers(int, int, int)[3]" classname="com.endava.calculator.test.CalculatorTest" time="0.004">
    <system-out><![CDATA[
Before Each
18:18:07.192 [main] INFO  com.endava.extensions.TestReporterExtension - Starting test CalculatorTest/shouldMultiplyNumberGivenManyNumbers
6
18:18:07.192 [main] INFO  com.endava.extensions.TestReporterExtension - Finishing test CalculatorTest/shouldMultiplyNumberGivenManyNumbers
After Each

]]></system-out>
  </testcase>
  <testcase name="shouldMultiplyNumberGivenManyNumbers(int, int, int)[4]" classname="com.endava.calculator.test.CalculatorTest" time="0.004">
    <system-out><![CDATA[
Before Each
18:18:07.196 [main] INFO  com.endava.extensions.TestReporterExtension - Starting test CalculatorTest/shouldMultiplyNumberGivenManyNumbers
40
18:18:07.196 [main] INFO  com.endava.extensions.TestReporterExtension - Finishing test CalculatorTest/shouldMultiplyNumberGivenManyNumbers
After Each

]]></system-out>
  </testcase>
  <testcase name="shouldMultiplyNumberGivenManyNumbers(int, int, int)[5]" classname="com.endava.calculator.test.CalculatorTest" time="0.004">
    <system-out><![CDATA[
Before Each
18:18:07.201 [main] INFO  com.endava.extensions.TestReporterExtension - Starting test CalculatorTest/shouldMultiplyNumberGivenManyNumbers
336
18:18:07.205 [main] INFO  com.endava.extensions.TestReporterExtension - Finishing test CalculatorTest/shouldMultiplyNumberGivenManyNumbers
After Each

]]></system-out>
  </testcase>
  <testcase name="shouldMultiplyNumberGivenOneNegativeNumberAndOnePositiveNumber" classname="com.endava.calculator.test.CalculatorTest" time="0">
    <system-out><![CDATA[
Before Each
18:18:07.209 [main] INFO  com.endava.extensions.TestReporterExtension - Starting test CalculatorTest/shouldMultiplyNumberGivenOneNegativeNumberAndOnePositiveNumber
-8
18:18:07.209 [main] INFO  com.endava.extensions.TestReporterExtension - Finishing test CalculatorTest/shouldMultiplyNumberGivenOneNegativeNumberAndOnePositiveNumber
After Each

]]></system-out>
  </testcase>
  <testcase name="shouldApplyPowerGivenTwoNegativeNumbers" classname="com.endava.calculator.test.CalculatorTest" time="0">
    <system-out><![CDATA[
Before Each
18:18:07.209 [main] INFO  com.endava.extensions.TestReporterExtension - Starting test CalculatorTest/shouldApplyPowerGivenTwoNegativeNumbers
0.0625
18:18:07.209 [main] INFO  com.endava.extensions.TestReporterExtension - Finishing test CalculatorTest/shouldApplyPowerGivenTwoNegativeNumbers
After Each

]]></system-out>
  </testcase>
  <testcase name="shouldApplyPowerGivenTwoLongNumbers" classname="com.endava.calculator.test.CalculatorTest" time="0">
    <system-out><![CDATA[
Before Each
18:18:07.213 [main] INFO  com.endava.extensions.TestReporterExtension - Starting test CalculatorTest/shouldApplyPowerGivenTwoLongNumbers
4.6116860141324206E18
18:18:07.213 [main] INFO  com.endava.extensions.TestReporterExtension - Finishing test CalculatorTest/shouldApplyPowerGivenTwoLongNumbers
After Each

]]></system-out>
  </testcase>
  <testcase name="shouldMultiplyNumberGivenOperand0(int, int)[1]" classname="com.endava.calculator.test.CalculatorTest" time="0.005">
    <system-out><![CDATA[
Before Each
18:18:07.217 [main] INFO  com.endava.extensions.TestReporterExtension - Starting test CalculatorTest/shouldMultiplyNumberGivenOperand0
0
18:18:07.218 [main] INFO  com.endava.extensions.TestReporterExtension - Finishing test CalculatorTest/shouldMultiplyNumberGivenOperand0
After Each

]]></system-out>
  </testcase>
  <testcase name="shouldMultiplyNumberGivenOperand0(int, int)[2]" classname="com.endava.calculator.test.CalculatorTest" time="0.004">
    <system-out><![CDATA[
Before Each
18:18:07.218 [main] INFO  com.endava.extensions.TestReporterExtension - Starting test CalculatorTest/shouldMultiplyNumberGivenOperand0
0
18:18:07.222 [main] INFO  com.endava.extensions.TestReporterExtension - Finishing test CalculatorTest/shouldMultiplyNumberGivenOperand0
After Each

]]></system-out>
  </testcase>
  <testcase name="shouldMultiplyNumberGivenOperand1(int, int)[1]" classname="com.endava.calculator.test.CalculatorTest" time="0.004">
    <system-out><![CDATA[
Before Each
18:18:07.226 [main] INFO  com.endava.extensions.TestReporterExtension - Starting test CalculatorTest/shouldMultiplyNumberGivenOperand1
2
18:18:07.226 [main] INFO  com.endava.extensions.TestReporterExtension - Finishing test CalculatorTest/shouldMultiplyNumberGivenOperand1
After Each

]]></system-out>
  </testcase>
  <testcase name="shouldMultiplyNumberGivenOperand1(int, int)[2]" classname="com.endava.calculator.test.CalculatorTest" time="0.004">
    <system-out><![CDATA[
Before Each
18:18:07.230 [main] INFO  com.endava.extensions.TestReporterExtension - Starting test CalculatorTest/shouldMultiplyNumberGivenOperand1
2
18:18:07.230 [main] INFO  com.endava.extensions.TestReporterExtension - Finishing test CalculatorTest/shouldMultiplyNumberGivenOperand1
After Each

]]></system-out>
  </testcase>
  <testcase name="shouldAddNumberGivenManyNumbers(int, int, int)[1]" classname="com.endava.calculator.test.CalculatorTest" time="0.004">
    <system-out><![CDATA[
Before Each
18:18:07.230 [main] INFO  com.endava.extensions.TestReporterExtension - Starting test CalculatorTest/shouldAddNumberGivenManyNumbers
6
18:18:07.234 [main] INFO  com.endava.extensions.TestReporterExtension - Finishing test CalculatorTest/shouldAddNumberGivenManyNumbers
After Each

]]></system-out>
  </testcase>
  <testcase name="shouldAddNumberGivenManyNumbers(int, int, int)[2]" classname="com.endava.calculator.test.CalculatorTest" time="0">
    <system-out><![CDATA[
Before Each
18:18:07.234 [main] INFO  com.endava.extensions.TestReporterExtension - Starting test CalculatorTest/shouldAddNumberGivenManyNumbers
11
18:18:07.234 [main] INFO  com.endava.extensions.TestReporterExtension - Finishing test CalculatorTest/shouldAddNumberGivenManyNumbers
After Each

]]></system-out>
  </testcase>
  <testcase name="shouldAddNumberGivenManyNumbers(int, int, int)[3]" classname="com.endava.calculator.test.CalculatorTest" time="0">
    <system-out><![CDATA[
Before Each
18:18:07.242 [main] INFO  com.endava.extensions.TestReporterExtension - Starting test CalculatorTest/shouldAddNumberGivenManyNumbers
6
18:18:07.242 [main] INFO  com.endava.extensions.TestReporterExtension - Finishing test CalculatorTest/shouldAddNumberGivenManyNumbers
After Each

]]></system-out>
  </testcase>
  <testcase name="shouldAddNumberGivenManyNumbers(int, int, int)[4]" classname="com.endava.calculator.test.CalculatorTest" time="0.004">
    <system-out><![CDATA[
Before Each
18:18:07.242 [main] INFO  com.endava.extensions.TestReporterExtension - Starting test CalculatorTest/shouldAddNumberGivenManyNumbers
11
18:18:07.246 [main] INFO  com.endava.extensions.TestReporterExtension - Finishing test CalculatorTest/shouldAddNumberGivenManyNumbers
After Each

]]></system-out>
  </testcase>
  <testcase name="shouldAddNumberGivenManyNumbers(int, int, int)[5]" classname="com.endava.calculator.test.CalculatorTest" time="0.002">
    <system-out><![CDATA[
Before Each
18:18:07.249 [main] INFO  com.endava.extensions.TestReporterExtension - Starting test CalculatorTest/shouldAddNumberGivenManyNumbers
21
18:18:07.249 [main] INFO  com.endava.extensions.TestReporterExtension - Finishing test CalculatorTest/shouldAddNumberGivenManyNumbers
After Each

]]></system-out>
  </testcase>
  <testcase name="shouldApplyFactGivenLongNumber" classname="com.endava.calculator.test.CalculatorTest" time="0">
    <system-out><![CDATA[
Before Each
18:18:07.249 [main] INFO  com.endava.extensions.TestReporterExtension - Starting test CalculatorTest/shouldApplyFactGivenLongNumber
2432902008176640000
18:18:07.249 [main] INFO  com.endava.extensions.TestReporterExtension - Finishing test CalculatorTest/shouldApplyFactGivenLongNumber
After Each

]]></system-out>
  </testcase>
  <testcase name="shouldMultiplyNumberGivenOneNumber" classname="com.endava.calculator.test.CalculatorTest" time="0.004">
    <system-out><![CDATA[
Before Each
18:18:07.253 [main] INFO  com.endava.extensions.TestReporterExtension - Starting test CalculatorTest/shouldMultiplyNumberGivenOneNumber
2
18:18:07.253 [main] INFO  com.endava.extensions.TestReporterExtension - Finishing test CalculatorTest/shouldMultiplyNumberGivenOneNumber
After Each

]]></system-out>
  </testcase>
  <testcase name="shouldApplyPowerGivenBaseNegativeNumber" classname="com.endava.calculator.test.CalculatorTest" time="0">
    <system-out><![CDATA[
Before Each
18:18:07.253 [main] INFO  com.endava.extensions.TestReporterExtension - Starting test CalculatorTest/shouldApplyPowerGivenBaseNegativeNumber
16.0
18:18:07.253 [main] INFO  com.endava.extensions.TestReporterExtension - Finishing test CalculatorTest/shouldApplyPowerGivenBaseNegativeNumber
After Each

]]></system-out>
  </testcase>
  <testcase name="shouldApplyFactGivenOperand0" classname="com.endava.calculator.test.CalculatorTest" time="0.004">
    <system-out><![CDATA[
Before Each
18:18:07.253 [main] INFO  com.endava.extensions.TestReporterExtension - Starting test CalculatorTest/shouldApplyFactGivenOperand0
1
18:18:07.253 [main] INFO  com.endava.extensions.TestReporterExtension - Finishing test CalculatorTest/shouldApplyFactGivenOperand0
After Each

]]></system-out>
  </testcase>
  <testcase name="shouldApplyFactGivenOperand1" classname="com.endava.calculator.test.CalculatorTest" time="0">
    <system-out><![CDATA[
Before Each
18:18:07.257 [main] INFO  com.endava.extensions.TestReporterExtension - Starting test CalculatorTest/shouldApplyFactGivenOperand1
1
18:18:07.257 [main] INFO  com.endava.extensions.TestReporterExtension - Finishing test CalculatorTest/shouldApplyFactGivenOperand1
After Each

]]></system-out>
  </testcase>
  <testcase name="shouldAddNumberGivenOneNumber" classname="com.endava.calculator.test.CalculatorTest" time="0.004">
    <system-out><![CDATA[
Before Each
18:18:07.261 [main] INFO  com.endava.extensions.TestReporterExtension - Starting test CalculatorTest/shouldAddNumberGivenOneNumber
2
18:18:07.261 [main] INFO  com.endava.extensions.TestReporterExtension - Finishing test CalculatorTest/shouldAddNumberGivenOneNumber
After Each

]]></system-out>
  </testcase>
  <testcase name="shouldMultiplyNumberGivenTwoLongNumbers" classname="com.endava.calculator.test.CalculatorTest" time="0">
    <system-out><![CDATA[
Before Each
18:18:07.261 [main] INFO  com.endava.extensions.TestReporterExtension - Starting test CalculatorTest/shouldMultiplyNumberGivenTwoLongNumbers
4294967294
18:18:07.261 [main] INFO  com.endava.extensions.TestReporterExtension - Finishing test CalculatorTest/shouldMultiplyNumberGivenTwoLongNumbers
After Each

]]></system-out>
  </testcase>
  <testcase name="shouldMultiplyNumberGivenNoNumbers" classname="com.endava.calculator.test.CalculatorTest" time="0">
    <system-out><![CDATA[
Before Each
18:18:07.261 [main] INFO  com.endava.extensions.TestReporterExtension - Starting test CalculatorTest/shouldMultiplyNumberGivenNoNumbers
1
18:18:07.261 [main] INFO  com.endava.extensions.TestReporterExtension - Finishing test CalculatorTest/shouldMultiplyNumberGivenNoNumbers
After Each

]]></system-out>
  </testcase>
</testsuite>