<?xml version="1.0" encoding="UTF-8"?>
<testsuite xmlns:xsi="http://www.w3.org/2001/XMLSchema-instance" xsi:noNamespaceSchemaLocation="https://maven.apache.org/surefire/maven-failsafe-plugin/xsd/failsafe-test-report-3.0.xsd" version="3.0" name="com.endava.calculator.test.CalculatorITCase" time="0.231" tests="36" errors="0" skipped="0" failures="0">
  <properties>
[...]
</properties>
  <testcase name="shouldMultiplyNumberGivenTwoNegativeNumbers" classname="com.endava.calculator.test.CalculatorITCase" time="0.026">
    <system-out><![CDATA[Before All

Before Each
11:12:48.135 [main] INFO  com.endava.extensions.TestReporterExtension - Starting test CalculatorITCase/shouldMultiplyNumberGivenTwoNegativeNumbers
8
11:12:48.139 [main] INFO  com.endava.extensions.TestReporterExtension - Finishing test CalculatorITCase/shouldMultiplyNumberGivenTwoNegativeNumbers
After Each

]]></system-out>
  </testcase>
  <testcase name="shouldAddNumberGivenTwoNegativeNumbers" classname="com.endava.calculator.test.CalculatorITCase" time="0.002">
    <system-out><![CDATA[
Before Each
11:12:48.146 [main] INFO  com.endava.extensions.TestReporterExtension - Starting test CalculatorITCase/shouldAddNumberGivenTwoNegativeNumbers
-6
11:12:48.146 [main] INFO  com.endava.extensions.TestReporterExtension - Finishing test CalculatorITCase/shouldAddNumberGivenTwoNegativeNumbers
After Each

]]></system-out>
  </testcase>
  <testcase name="shouldAddNumberGivenNoNumbers" classname="com.endava.calculator.test.CalculatorITCase" time="0.001">
    <system-out><![CDATA[
Before Each
11:12:48.147 [main] INFO  com.endava.extensions.TestReporterExtension - Starting test CalculatorITCase/shouldAddNumberGivenNoNumbers
0
11:12:48.148 [main] INFO  com.endava.extensions.TestReporterExtension - Finishing test CalculatorITCase/shouldAddNumberGivenNoNumbers
After Each

]]></system-out>
  </testcase>
  <testcase name="shouldApplyPowerGivenOperand0(double, double)[1]" classname="com.endava.calculator.test.CalculatorITCase" time="0.016">
    <system-out><![CDATA[
Before Each
11:12:48.166 [main] INFO  com.endava.extensions.TestReporterExtension - Starting test CalculatorITCase/shouldApplyPowerGivenOperand0
0.0
11:12:48.182 [main] INFO  com.endava.extensions.TestReporterExtension - Finishing test CalculatorITCase/shouldApplyPowerGivenOperand0
After Each

]]></system-out>
  </testcase>
  <testcase name="shouldApplyPowerGivenOperand0(double, double)[2]" classname="com.endava.calculator.test.CalculatorITCase" time="0.001">
    <system-out><![CDATA[
Before Each
11:12:48.186 [main] INFO  com.endava.extensions.TestReporterExtension - Starting test CalculatorITCase/shouldApplyPowerGivenOperand0
1.0
11:12:48.187 [main] INFO  com.endava.extensions.TestReporterExtension - Finishing test CalculatorITCase/shouldApplyPowerGivenOperand0
After Each

]]></system-out>
  </testcase>
  <testcase name="shouldApplyPowerGivenOperand1(double, double)[1]" classname="com.endava.calculator.test.CalculatorITCase" time="0.002">
    <system-out><![CDATA[
Before Each
11:12:48.190 [main] INFO  com.endava.extensions.TestReporterExtension - Starting test CalculatorITCase/shouldApplyPowerGivenOperand1
1.0
11:12:48.190 [main] INFO  com.endava.extensions.TestReporterExtension - Finishing test CalculatorITCase/shouldApplyPowerGivenOperand1
After Each

]]></system-out>
  </testcase>
  <testcase name="shouldApplyPowerGivenOperand1(double, double)[2]" classname="com.endava.calculator.test.CalculatorITCase" time="0.002">
    <system-out><![CDATA[
Before Each
11:12:48.192 [main] INFO  com.endava.extensions.TestReporterExtension - Starting test CalculatorITCase/shouldApplyPowerGivenOperand1
2.0
11:12:48.193 [main] INFO  com.endava.extensions.TestReporterExtension - Finishing test CalculatorITCase/shouldApplyPowerGivenOperand1
After Each

]]></system-out>
  </testcase>
  <testcase name="shouldAddNumberGivenOperand0(int, int)[1]" classname="com.endava.calculator.test.CalculatorITCase" time="0.001">
    <system-out><![CDATA[
Before Each
11:12:48.196 [main] INFO  com.endava.extensions.TestReporterExtension - Starting test CalculatorITCase/shouldAddNumberGivenOperand0
2
11:12:48.197 [main] INFO  com.endava.extensions.TestReporterExtension - Finishing test CalculatorITCase/shouldAddNumberGivenOperand0
After Each

]]></system-out>
  </testcase>
  <testcase name="shouldAddNumberGivenOperand0(int, int)[2]" classname="com.endava.calculator.test.CalculatorITCase" time="0.001">
    <system-out><![CDATA[
Before Each
11:12:48.199 [main] INFO  com.endava.extensions.TestReporterExtension - Starting test CalculatorITCase/shouldAddNumberGivenOperand0
2
11:12:48.200 [main] INFO  com.endava.extensions.TestReporterExtension - Finishing test CalculatorITCase/shouldAddNumberGivenOperand0
After Each

]]></system-out>
  </testcase>
  <testcase name="shouldApplyPowerGivenExpNegativeNumber" classname="com.endava.calculator.test.CalculatorITCase" time="0.003">
    <system-out><![CDATA[
Before Each
11:12:48.201 [main] INFO  com.endava.extensions.TestReporterExtension - Starting test CalculatorITCase/shouldApplyPowerGivenExpNegativeNumber
0.25
11:12:48.202 [main] INFO  com.endava.extensions.TestReporterExtension - Finishing test CalculatorITCase/shouldApplyPowerGivenExpNegativeNumber
After Each

]]></system-out>
  </testcase>
  <testcase name="shouldAddNumberGivenTwoLongNumbers" classname="com.endava.calculator.test.CalculatorITCase" time="0.001">
    <system-out><![CDATA[
Before Each
11:12:48.203 [main] INFO  com.endava.extensions.TestReporterExtension - Starting test CalculatorITCase/shouldAddNumberGivenTwoLongNumbers
2147483648
11:12:48.204 [main] INFO  com.endava.extensions.TestReporterExtension - Finishing test CalculatorITCase/shouldAddNumberGivenTwoLongNumbers
After Each

]]></system-out>
  </testcase>
  <testcase name="shouldMultiplyNumberGivenManyNumbers(int, int, int)[1]" classname="com.endava.calculator.test.CalculatorITCase" time="0.002">
    <system-out><![CDATA[
Before Each
11:12:48.222 [main] INFO  com.endava.extensions.TestReporterExtension - Starting test CalculatorITCase/shouldMultiplyNumberGivenManyNumbers
6
11:12:48.223 [main] INFO  com.endava.extensions.TestReporterExtension - Finishing test CalculatorITCase/shouldMultiplyNumberGivenManyNumbers
After Each

]]></system-out>
  </testcase>
  <testcase name="shouldMultiplyNumberGivenManyNumbers(int, int, int)[2]" classname="com.endava.calculator.test.CalculatorITCase" time="0.002">
    <system-out><![CDATA[
Before Each
11:12:48.226 [main] INFO  com.endava.extensions.TestReporterExtension - Starting test CalculatorITCase/shouldMultiplyNumberGivenManyNumbers
40
11:12:48.226 [main] INFO  com.endava.extensions.TestReporterExtension - Finishing test CalculatorITCase/shouldMultiplyNumberGivenManyNumbers
After Each

]]></system-out>
  </testcase>
  <testcase name="shouldMultiplyNumberGivenManyNumbers(int, int, int)[3]" classname="com.endava.calculator.test.CalculatorITCase" time="0.001">
    <system-out><![CDATA[
Before Each
11:12:48.292 [main] INFO  com.endava.extensions.TestReporterExtension - Starting test CalculatorITCase/shouldMultiplyNumberGivenManyNumbers
6
11:12:48.292 [main] INFO  com.endava.extensions.TestReporterExtension - Finishing test CalculatorITCase/shouldMultiplyNumberGivenManyNumbers
After Each

]]></system-out>
  </testcase>
  <testcase name="shouldMultiplyNumberGivenManyNumbers(int, int, int)[4]" classname="com.endava.calculator.test.CalculatorITCase" time="0.001">
    <system-out><![CDATA[
Before Each
11:12:48.295 [main] INFO  com.endava.extensions.TestReporterExtension - Starting test CalculatorITCase/shouldMultiplyNumberGivenManyNumbers
40
11:12:48.296 [main] INFO  com.endava.extensions.TestReporterExtension - Finishing test CalculatorITCase/shouldMultiplyNumberGivenManyNumbers
After Each

]]></system-out>
  </testcase>
  <testcase name="shouldMultiplyNumberGivenManyNumbers(int, int, int)[5]" classname="com.endava.calculator.test.CalculatorITCase" time="0.002">
    <system-out><![CDATA[
Before Each
11:12:48.297 [main] INFO  com.endava.extensions.TestReporterExtension - Starting test CalculatorITCase/shouldMultiplyNumberGivenManyNumbers
336
11:12:48.298 [main] INFO  com.endava.extensions.TestReporterExtension - Finishing test CalculatorITCase/shouldMultiplyNumberGivenManyNumbers
After Each

]]></system-out>
  </testcase>
  <testcase name="shouldMultiplyNumberGivenOneNegativeNumberAndOnePositiveNumber" classname="com.endava.calculator.test.CalculatorITCase" time="0">
    <system-out><![CDATA[
Before Each
11:12:48.300 [main] INFO  com.endava.extensions.TestReporterExtension - Starting test CalculatorITCase/shouldMultiplyNumberGivenOneNegativeNumberAndOnePositiveNumber
-8
11:12:48.300 [main] INFO  com.endava.extensions.TestReporterExtension - Finishing test CalculatorITCase/shouldMultiplyNumberGivenOneNegativeNumberAndOnePositiveNumber
After Each

]]></system-out>
  </testcase>
  <testcase name="shouldApplyPowerGivenTwoNegativeNumbers" classname="com.endava.calculator.test.CalculatorITCase" time="0">
    <system-out><![CDATA[
Before Each
11:12:48.301 [main] INFO  com.endava.extensions.TestReporterExtension - Starting test CalculatorITCase/shouldApplyPowerGivenTwoNegativeNumbers
0.0625
11:12:48.301 [main] INFO  com.endava.extensions.TestReporterExtension - Finishing test CalculatorITCase/shouldApplyPowerGivenTwoNegativeNumbers
After Each

]]></system-out>
  </testcase>
  <testcase name="shouldApplyPowerGivenTwoLongNumbers" classname="com.endava.calculator.test.CalculatorITCase" time="0">
    <system-out><![CDATA[
Before Each
11:12:48.302 [main] INFO  com.endava.extensions.TestReporterExtension - Starting test CalculatorITCase/shouldApplyPowerGivenTwoLongNumbers
4.6116860141324206E18
11:12:48.302 [main] INFO  com.endava.extensions.TestReporterExtension - Finishing test CalculatorITCase/shouldApplyPowerGivenTwoLongNumbers
After Each

]]></system-out>
  </testcase>
  <testcase name="shouldMultiplyNumberGivenOperand0(int, int)[1]" classname="com.endava.calculator.test.CalculatorITCase" time="0.001">
    <system-out><![CDATA[
Before Each
11:12:48.303 [main] INFO  com.endava.extensions.TestReporterExtension - Starting test CalculatorITCase/shouldMultiplyNumberGivenOperand0
0
11:12:48.304 [main] INFO  com.endava.extensions.TestReporterExtension - Finishing test CalculatorITCase/shouldMultiplyNumberGivenOperand0
After Each

]]></system-out>
  </testcase>
  <testcase name="shouldMultiplyNumberGivenOperand0(int, int)[2]" classname="com.endava.calculator.test.CalculatorITCase" time="0.001">
    <system-out><![CDATA[
Before Each
11:12:48.305 [main] INFO  com.endava.extensions.TestReporterExtension - Starting test CalculatorITCase/shouldMultiplyNumberGivenOperand0
0
11:12:48.305 [main] INFO  com.endava.extensions.TestReporterExtension - Finishing test CalculatorITCase/shouldMultiplyNumberGivenOperand0
After Each

]]></system-out>
  </testcase>
  <testcase name="shouldMultiplyNumberGivenOperand1(int, int)[1]" classname="com.endava.calculator.test.CalculatorITCase" time="0.001">
    <system-out><![CDATA[
Before Each
11:12:48.306 [main] INFO  com.endava.extensions.TestReporterExtension - Starting test CalculatorITCase/shouldMultiplyNumberGivenOperand1
2
11:12:48.307 [main] INFO  com.endava.extensions.TestReporterExtension - Finishing test CalculatorITCase/shouldMultiplyNumberGivenOperand1
After Each

]]></system-out>
  </testcase>
  <testcase name="shouldMultiplyNumberGivenOperand1(int, int)[2]" classname="com.endava.calculator.test.CalculatorITCase" time="0.001">
    <system-out><![CDATA[
Before Each
11:12:48.307 [main] INFO  com.endava.extensions.TestReporterExtension - Starting test CalculatorITCase/shouldMultiplyNumberGivenOperand1
2
11:12:48.308 [main] INFO  com.endava.extensions.TestReporterExtension - Finishing test CalculatorITCase/shouldMultiplyNumberGivenOperand1
After Each

]]></system-out>
  </testcase>
  <testcase name="shouldAddNumberGivenManyNumbers(int, int, int)[1]" classname="com.endava.calculator.test.CalculatorITCase" time="0.001">
    <system-out><![CDATA[
Before Each
11:12:48.313 [main] INFO  com.endava.extensions.TestReporterExtension - Starting test CalculatorITCase/shouldAddNumberGivenManyNumbers
6
11:12:48.313 [main] INFO  com.endava.extensions.TestReporterExtension - Finishing test CalculatorITCase/shouldAddNumberGivenManyNumbers
After Each

]]></system-out>
  </testcase>
  <testcase name="shouldAddNumberGivenManyNumbers(int, int, int)[2]" classname="com.endava.calculator.test.CalculatorITCase" time="0">
    <system-out><![CDATA[
Before Each
11:12:48.314 [main] INFO  com.endava.extensions.TestReporterExtension - Starting test CalculatorITCase/shouldAddNumberGivenManyNumbers
11
11:12:48.314 [main] INFO  com.endava.extensions.TestReporterExtension - Finishing test CalculatorITCase/shouldAddNumberGivenManyNumbers
After Each

]]></system-out>
  </testcase>
  <testcase name="shouldAddNumberGivenManyNumbers(int, int, int)[3]" classname="com.endava.calculator.test.CalculatorITCase" time="0.003">
    <system-out><![CDATA[
Before Each
11:12:48.318 [main] INFO  com.endava.extensions.TestReporterExtension - Starting test CalculatorITCase/shouldAddNumberGivenManyNumbers
6
11:12:48.319 [main] INFO  com.endava.extensions.TestReporterExtension - Finishing test CalculatorITCase/shouldAddNumberGivenManyNumbers
After Each

]]></system-out>
  </testcase>
  <testcase name="shouldAddNumberGivenManyNumbers(int, int, int)[4]" classname="com.endava.calculator.test.CalculatorITCase" time="0.001">
    <system-out><![CDATA[
Before Each
11:12:48.321 [main] INFO  com.endava.extensions.TestReporterExtension - Starting test CalculatorITCase/shouldAddNumberGivenManyNumbers
11
11:12:48.321 [main] INFO  com.endava.extensions.TestReporterExtension - Finishing test CalculatorITCase/shouldAddNumberGivenManyNumbers
After Each

]]></system-out>
  </testcase>
  <testcase name="shouldAddNumberGivenManyNumbers(int, int, int)[5]" classname="com.endava.calculator.test.CalculatorITCase" time="0.001">
    <system-out><![CDATA[
Before Each
11:12:48.323 [main] INFO  com.endava.extensions.TestReporterExtension - Starting test CalculatorITCase/shouldAddNumberGivenManyNumbers
21
11:12:48.323 [main] INFO  com.endava.extensions.TestReporterExtension - Finishing test CalculatorITCase/shouldAddNumberGivenManyNumbers
After Each

]]></system-out>
  </testcase>
  <testcase name="shouldApplyFactGivenLongNumber" classname="com.endava.calculator.test.CalculatorITCase" time="0.001">
    <system-out><![CDATA[
Before Each
11:12:48.324 [main] INFO  com.endava.extensions.TestReporterExtension - Starting test CalculatorITCase/shouldApplyFactGivenLongNumber
2432902008176640000
11:12:48.324 [main] INFO  com.endava.extensions.TestReporterExtension - Finishing test CalculatorITCase/shouldApplyFactGivenLongNumber
After Each

]]></system-out>
  </testcase>
  <testcase name="shouldMultiplyNumberGivenOneNumber" classname="com.endava.calculator.test.CalculatorITCase" time="0.001">
    <system-out><![CDATA[
Before Each
11:12:48.324 [main] INFO  com.endava.extensions.TestReporterExtension - Starting test CalculatorITCase/shouldMultiplyNumberGivenOneNumber
2
11:12:48.324 [main] INFO  com.endava.extensions.TestReporterExtension - Finishing test CalculatorITCase/shouldMultiplyNumberGivenOneNumber
After Each

]]></system-out>
  </testcase>
  <testcase name="shouldApplyPowerGivenBaseNegativeNumber" classname="com.endava.calculator.test.CalculatorITCase" time="0">
    <system-out><![CDATA[
Before Each
11:12:48.325 [main] INFO  com.endava.extensions.TestReporterExtension - Starting test CalculatorITCase/shouldApplyPowerGivenBaseNegativeNumber
16.0
11:12:48.325 [main] INFO  com.endava.extensions.TestReporterExtension - Finishing test CalculatorITCase/shouldApplyPowerGivenBaseNegativeNumber
After Each

]]></system-out>
  </testcase>
  <testcase name="shouldApplyFactGivenOperand0" classname="com.endava.calculator.test.CalculatorITCase" time="0.001">
    <system-out><![CDATA[
Before Each
11:12:48.326 [main] INFO  com.endava.extensions.TestReporterExtension - Starting test CalculatorITCase/shouldApplyFactGivenOperand0
1
11:12:48.326 [main] INFO  com.endava.extensions.TestReporterExtension - Finishing test CalculatorITCase/shouldApplyFactGivenOperand0
After Each

]]></system-out>
  </testcase>
  <testcase name="shouldApplyFactGivenOperand1" classname="com.endava.calculator.test.CalculatorITCase" time="0.001">
    <system-out><![CDATA[
Before Each
11:12:48.326 [main] INFO  com.endava.extensions.TestReporterExtension - Starting test CalculatorITCase/shouldApplyFactGivenOperand1
1
11:12:48.327 [main] INFO  com.endava.extensions.TestReporterExtension - Finishing test CalculatorITCase/shouldApplyFactGivenOperand1
After Each

]]></system-out>
  </testcase>
  <testcase name="shouldAddNumberGivenOneNumber" classname="com.endava.calculator.test.CalculatorITCase" time="0.001">
    <system-out><![CDATA[
Before Each
11:12:48.327 [main] INFO  com.endava.extensions.TestReporterExtension - Starting test CalculatorITCase/shouldAddNumberGivenOneNumber
2
11:12:48.327 [main] INFO  com.endava.extensions.TestReporterExtension - Finishing test CalculatorITCase/shouldAddNumberGivenOneNumber
After Each

]]></system-out>
  </testcase>
  <testcase name="shouldMultiplyNumberGivenTwoLongNumbers" classname="com.endava.calculator.test.CalculatorITCase" time="0">
    <system-out><![CDATA[
Before Each
11:12:48.328 [main] INFO  com.endava.extensions.TestReporterExtension - Starting test CalculatorITCase/shouldMultiplyNumberGivenTwoLongNumbers
4294967294
11:12:48.328 [main] INFO  com.endava.extensions.TestReporterExtension - Finishing test CalculatorITCase/shouldMultiplyNumberGivenTwoLongNumbers
After Each

]]></system-out>
  </testcase>
  <testcase name="shouldMultiplyNumberGivenNoNumbers" classname="com.endava.calculator.test.CalculatorITCase" time="0.001">
    <system-out><![CDATA[
Before Each
11:12:48.329 [main] INFO  com.endava.extensions.TestReporterExtension - Starting test CalculatorITCase/shouldMultiplyNumberGivenNoNumbers
1
11:12:48.329 [main] INFO  com.endava.extensions.TestReporterExtension - Finishing test CalculatorITCase/shouldMultiplyNumberGivenNoNumbers
After Each

]]></system-out>
  </testcase>
</testsuite>